27.1.2022, 9:14:03 - INFO - Server is running on port: 3035
27.1.2022, 9:14:04 - INFO - Server is running on port: 3035
27.1.2022, 9:14:10 - INFO - Server is running on port: 3035
27.1.2022, 9:14:10 - INFO - Server is running on port: 3035
27.1.2022, 9:14:12 - INFO - Server is running on port: 3035
27.1.2022, 9:14:33 - INFO - Server is running on port: 3035
27.1.2022, 9:14:34 - INFO - Server is running on port: 3035
27.1.2022, 9:14:37 - INFO - Server is running on port: 3035
27.1.2022, 9:14:41 - INFO - Server is running on port: 3035
27.1.2022, 9:15:45 - INFO - Server is running on port: 3035
27.1.2022, 9:15:46 - INFO - Server is running on port: 3035
27.1.2022, 9:15:48 - INFO - Server is running on port: 3035
27.1.2022, 9:16:23 - INFO - Server is running on port: 3035
27.1.2022, 9:17:02 - INFO - Server is running on port: 3035
27.1.2022, 9:17:03 - INFO - Server is running on port: 3035
27.1.2022, 9:17:06 - INFO - Server is running on port: 3035
27.1.2022, 9:17:08 - INFO - Server is running on port: 3035
27.1.2022, 9:17:26 - INFO - Server is running on port: 3035
27.1.2022, 9:17:29 - INFO - Server is running on port: 3035
27.1.2022, 9:17:58 - INFO - Server is running on port: 3035
27.1.2022, 9:17:59 - INFO - Server is running on port: 3035
27.1.2022, 9:18:06 - INFO - Server is running on port: 3035
27.1.2022, 9:18:07 - INFO - Server is running on port: 3035
27.1.2022, 9:18:47 - INFO - Server is running on port: 3035
27.1.2022, 9:18:48 - INFO - Server is running on port: 3035
27.1.2022, 9:19:09 - INFO - Server is running on port: 3035
27.1.2022, 9:19:11 - INFO - Server is running on port: 3035
27.1.2022, 9:19:29 - INFO - Server is running on port: 3035
27.1.2022, 9:20:44 - INFO - Server is running on port: 3035
27.1.2022, 9:21:05 - INFO - Server is running on port: 3035
27.1.2022, 9:21:08 - INFO - Server is running on port: 3035
27.1.2022, 9:21:14 - INFO - Server is running on port: 3035
27.1.2022, 9:21:28 - INFO - Server is running on port: 3035
27.1.2022, 9:21:47 - INFO - Server is running on port: 3035
27.1.2022, 9:22:05 - INFO - Server is running on port: 3035
27.1.2022, 9:23:21 - INFO - Server is running on port: 3035
27.1.2022, 9:23:23 - INFO - Server is running on port: 3035
27.1.2022, 9:28:34 - ERROR - cannot insert client | {}
27.1.2022, 9:28:34 - ERROR - Failed to add client | {}
27.1.2022, 9:28:45 - INFO - Server is running on port: 3035
27.1.2022, 9:28:50 - INFO - Server is running on port: 3035
27.1.2022, 9:28:52 - INFO - Server is running on port: 3035
27.1.2022, 9:28:55 - INFO - Server is running on port: 3035
27.1.2022, 9:29:21 - INFO - Server is running on port: 3035
27.1.2022, 9:29:26 - INFO - Server is running on port: 3035
27.1.2022, 9:29:28 - INFO - Server is running on port: 3035
27.1.2022, 9:29:31 - INFO - Server is running on port: 3035
27.1.2022, 9:29:47 - ERROR - cannot remove client undefined | {}
27.1.2022, 9:29:47 - ERROR - Failed to delete client | {}
27.1.2022, 9:32:58 - INFO - Server is running on port: 3035
27.1.2022, 9:34:30 - INFO - Server is running on port: 3035
27.1.2022, 9:34:32 - INFO - Server is running on port: 3035
27.1.2022, 9:34:36 - INFO - Server is running on port: 3035
27.1.2022, 9:34:43 - INFO - Server is running on port: 3035
27.1.2022, 9:34:48 - INFO - Server is running on port: 3035
27.1.2022, 9:34:51 - INFO - Server is running on port: 3035
27.1.2022, 9:34:58 - INFO - Server is running on port: 3035
27.1.2022, 9:35:02 - INFO - Server is running on port: 3035
27.1.2022, 9:35:15 - INFO - Server is running on port: 3035
27.1.2022, 9:35:21 - INFO - Server is running on port: 3035
27.1.2022, 9:35:41 - INFO - Server is running on port: 3035
27.1.2022, 11:28:22 - INFO - Server is running on port: 3035
27.1.2022, 11:29:54 - INFO - Server is running on port: 3035
27.1.2022, 11:29:56 - INFO - Server is running on port: 3035
27.1.2022, 11:30:00 - INFO - Server is running on port: 3035
27.1.2022, 11:31:50 - INFO - Server is running on port: 3035
27.1.2022, 11:31:56 - INFO - Server is running on port: 3035
27.1.2022, 11:31:59 - INFO - Server is running on port: 3035
27.1.2022, 11:32:08 - INFO - Server is running on port: 3035
27.1.2022, 11:32:10 - INFO - Server is running on port: 3035
27.1.2022, 11:32:11 - INFO - Server is running on port: 3035
27.1.2022, 11:32:12 - INFO - Server is running on port: 3035
27.1.2022, 11:32:19 - INFO - Server is running on port: 3035
27.1.2022, 11:32:24 - INFO - Server is running on port: 3035
27.1.2022, 11:32:29 - INFO - Server is running on port: 3035
27.1.2022, 11:32:36 - INFO - Server is running on port: 3035
27.1.2022, 11:32:37 - INFO - Server is running on port: 3035
27.1.2022, 11:52:39 - INFO - Server is running on port: 3035
